<?xml version="1.0" encoding="UTF-8"?>
<testng-results ignored="0" total="3" passed="3" failed="0" skipped="0">
  <reporter-output>
  </reporter-output>
  <suite started-at="2019-09-19T22:43:31Z" name="Default suite" finished-at="2019-09-19T22:44:07Z" duration-ms="36415">
    <groups>
    </groups>
    <test started-at="2019-09-19T22:43:31Z" name="Default test" finished-at="2019-09-19T22:44:07Z" duration-ms="36415">
      <class name="com.crm.qa.testcases.HomePageTest">
        <test-method is-config="true" signature="setUp()[pri:0, instance:com.crm.qa.testcases.HomePageTest@6295d394]" started-at="2019-09-19T15:43:31Z" name="setUp" finished-at="2019-09-19T15:43:39Z" duration-ms="8669" status="PASS">
          <reporter-output>
          </reporter-output>
        </test-method> <!-- setUp -->
        <test-method signature="verifyHomePageTitleTest()[pri:1, instance:com.crm.qa.testcases.HomePageTest@6295d394]" started-at="2019-09-19T15:43:39Z" name="verifyHomePageTitleTest" finished-at="2019-09-19T15:43:39Z" duration-ms="16" status="PASS">
          <reporter-output>
          </reporter-output>
        </test-method> <!-- verifyHomePageTitleTest -->
        <test-method is-config="true" signature="tearDown()[pri:0, instance:com.crm.qa.testcases.HomePageTest@6295d394]" started-at="2019-09-19T15:43:39Z" name="tearDown" finished-at="2019-09-19T15:43:42Z" duration-ms="2519" status="PASS">
          <reporter-output>
          </reporter-output>
        </test-method> <!-- tearDown -->
        <test-method is-config="true" signature="setUp()[pri:0, instance:com.crm.qa.testcases.HomePageTest@6295d394]" started-at="2019-09-19T15:43:42Z" name="setUp" finished-at="2019-09-19T15:43:50Z" duration-ms="7662" status="PASS">
          <reporter-output>
          </reporter-output>
        </test-method> <!-- setUp -->
        <test-method signature="verifyUserNameTest()[pri:2, instance:com.crm.qa.testcases.HomePageTest@6295d394]" started-at="2019-09-19T15:43:50Z" name="verifyUserNameTest" finished-at="2019-09-19T15:43:52Z" duration-ms="2813" status="PASS">
          <reporter-output>
          </reporter-output>
        </test-method> <!-- verifyUserNameTest -->
        <test-method is-config="true" signature="tearDown()[pri:0, instance:com.crm.qa.testcases.HomePageTest@6295d394]" started-at="2019-09-19T15:43:52Z" name="tearDown" finished-at="2019-09-19T15:43:55Z" duration-ms="2234" status="PASS">
          <reporter-output>
          </reporter-output>
        </test-method> <!-- tearDown -->
        <test-method is-config="true" signature="setUp()[pri:0, instance:com.crm.qa.testcases.HomePageTest@6295d394]" started-at="2019-09-19T15:43:55Z" name="setUp" finished-at="2019-09-19T15:44:02Z" duration-ms="7686" status="PASS">
          <reporter-output>
          </reporter-output>
        </test-method> <!-- setUp -->
        <test-method signature="verifyContactsLinkTest()[pri:3, instance:com.crm.qa.testcases.HomePageTest@6295d394]" started-at="2019-09-19T15:44:02Z" name="verifyContactsLinkTest" finished-at="2019-09-19T15:44:05Z" duration-ms="2317" status="PASS">
          <reporter-output>
          </reporter-output>
        </test-method> <!-- verifyContactsLinkTest -->
        <test-method is-config="true" signature="tearDown()[pri:0, instance:com.crm.qa.testcases.HomePageTest@6295d394]" started-at="2019-09-19T15:44:05Z" name="tearDown" finished-at="2019-09-19T15:44:07Z" duration-ms="2467" status="PASS">
          <reporter-output>
          </reporter-output>
        </test-method> <!-- tearDown -->
      </class> <!-- com.crm.qa.testcases.HomePageTest -->
    </test> <!-- Default test -->
  </suite> <!-- Default suite -->
</testng-results>
